<?xml version="1.0" encoding="UTF-8"?>
<!-- Generated by org.testng.reporters.JUnitXMLReporter -->
<testsuite ignored="0" hostname="MacAir" failures="0" tests="3" name="Default test" time="0.016" errors="0" timestamp="2025-06-28T08:13:00 CDT">
  <testcase classname="dataProviderInTestNG.DataDrivenTest1" name="newuser" time="0.003"/>
  <testcase classname="dataProviderInTestNG.DataDrivenTest1" name="newuser" time="0.001"/>
  <testcase classname="dataProviderInTestNG.DataDrivenTest1" name="newuser" time="0.001"/>
</testsuite> <!-- Default test -->
