<?xml version="1.0" encoding="UTF-8"?>
<testng-results ignored="0" total="2" passed="2" failed="0" skipped="0">
  <reporter-output>
  </reporter-output>
  <suite started-at="2025-07-02T13:11:21 CDT" name="Default suite" finished-at="2025-07-02T13:11:21 CDT" duration-ms="19">
    <groups>
    </groups>
    <test started-at="2025-07-02T13:11:21 CDT" name="Default test" finished-at="2025-07-02T13:11:21 CDT" duration-ms="19">
      <class name="dataProviderInTestNG.DataDrivenTest3">
        <test-method signature="test1(java.lang.String,java.lang.String)[pri:0, instance:dataProviderInTestNG.DataDrivenTest3@77847718]" started-at="2025-07-02T13:11:21 CDT" name="test1" data-provider="readexceldata" finished-at="2025-07-02T13:11:21 CDT" duration-ms="4" status="PASS">
          <params>
            <param index="0">
              <value>
                <![CDATA[Ravi]]>
              </value>
            </param>
            <param index="1">
              <value>
                <![CDATA[admin@123]]>
              </value>
            </param>
          </params>
          <reporter-output>
          </reporter-output>
        </test-method> <!-- test1 -->
        <test-method signature="test1(java.lang.String,java.lang.String)[pri:0, instance:dataProviderInTestNG.DataDrivenTest3@77847718]" started-at="2025-07-02T13:11:21 CDT" name="test1" data-provider="readexceldata" finished-at="2025-07-02T13:11:21 CDT" duration-ms="0" status="PASS">
          <params>
            <param index="0">
              <value>
                <![CDATA[Shivangi]]>
              </value>
            </param>
            <param index="1">
              <value>
                <![CDATA[admin@234]]>
              </value>
            </param>
          </params>
          <reporter-output>
          </reporter-output>
        </test-method> <!-- test1 -->
      </class> <!-- dataProviderInTestNG.DataDrivenTest3 -->
    </test> <!-- Default test -->
  </suite> <!-- Default suite -->
</testng-results>
